<?xml version="1.0" encoding="UTF-8"?>
<!-- Generated by org.testng.reporters.JUnitReportReporter -->
<testsuite hostname="DESKTOP-2L70A79" failures="0" tests="1" name="testscripts.AddAddressTest" time="29.425" errors="0" timestamp="2023-08-24T10:57:09 IST" skipped="0">
  <testcase classname="testscripts.AddAddressTest" name="addAddressTest" time="29.425"/>
  <system-out/>
</testsuite> <!-- testscripts.AddAddressTest -->
