<?xml version="1.0" encoding="UTF-8"?>
<!-- Generated by org.testng.reporters.JUnitReportReporter -->
<testsuite hostname="DESKTOP-2L70A79" failures="0" tests="1" name="testscripts.AddToCartTest" time="23.412" errors="0" timestamp="2023-08-24T11:22:26 IST" skipped="0">
  <testcase classname="testscripts.AddToCartTest" name="addToCartTest" time="23.412"/>
  <system-out/>
</testsuite> <!-- testscripts.AddToCartTest -->
