<?xml version="1.0" encoding="UTF-8"?>
<!-- Generated by org.testng.reporters.JUnitReportReporter -->
<testsuite hostname="DESKTOP-2L70A79" failures="0" tests="1" name="testscripts.RegisterShopperTest" time="23.571" errors="0" timestamp="2023-08-22T11:58:14 IST" skipped="0">
  <testcase classname="testscripts.RegisterShopperTest" name="createAccountTest" time="23.571"/>
  <system-out/>
</testsuite> <!-- testscripts.RegisterShopperTest -->
